0 info it worked if it ends with ok
1 verbose cli [ 'C:\\Program Files\\nodejs\\\\node.exe',
1 verbose cli   'C:\\Program Files\\nodejs\\node_modules\\npm\\bin\\npm-cli.js',
1 verbose cli   'install' ]
2 info using npm@1.4.28
3 info using node@v0.10.33
4 verbose node symlink C:\Program Files\nodejs\\node.exe
5 verbose readDependencies using package.json deps
6 verbose install where, deps [ 'C:\\Users\\Jason\\Documents\\GitHub\\JasonSwingen.github.io',
6 verbose install   [ 'grunt',
6 verbose install     'node-bourbon',
6 verbose install     'node-neat',
6 verbose install     'node-base',
6 verbose install     'grunt-contrib-concat',
6 verbose install     'grunt-contrib-sass',
6 verbose install     'grunt-contrib-uglify',
6 verbose install     'grunt-contrib-watch',
6 verbose install     'grunt-jekyll' ] ]
7 info preinstall JasonSwingen.github.io@1.0.0
8 verbose readDependencies using package.json deps
9 verbose already installed skipping grunt@^0.4.5 C:\Users\Jason\Documents\GitHub\JasonSwingen.github.io
10 verbose already installed skipping node-bourbon@^1.0.0 C:\Users\Jason\Documents\GitHub\JasonSwingen.github.io
11 verbose cache add [ 'node-neat@^1.0.0', null ]
12 verbose cache add name=undefined spec="node-neat@^1.0.0" args=["node-neat@^1.0.0",null]
13 verbose parsed url { protocol: null,
13 verbose parsed url   slashes: null,
13 verbose parsed url   auth: null,
13 verbose parsed url   host: null,
13 verbose parsed url   port: null,
13 verbose parsed url   hostname: null,
13 verbose parsed url   hash: null,
13 verbose parsed url   search: null,
13 verbose parsed url   query: null,
13 verbose parsed url   pathname: 'node-neat@^1.0.0',
13 verbose parsed url   path: 'node-neat@^1.0.0',
13 verbose parsed url   href: 'node-neat@^1.0.0' }
14 verbose cache add [ 'node-base@^1.0.0', null ]
15 verbose cache add name=undefined spec="node-base@^1.0.0" args=["node-base@^1.0.0",null]
16 verbose parsed url { protocol: null,
16 verbose parsed url   slashes: null,
16 verbose parsed url   auth: null,
16 verbose parsed url   host: null,
16 verbose parsed url   port: null,
16 verbose parsed url   hostname: null,
16 verbose parsed url   hash: null,
16 verbose parsed url   search: null,
16 verbose parsed url   query: null,
16 verbose parsed url   pathname: 'node-base@^1.0.0',
16 verbose parsed url   path: 'node-base@^1.0.0',
16 verbose parsed url   href: 'node-base@^1.0.0' }
17 verbose already installed skipping grunt-contrib-concat@^0.5.1 C:\Users\Jason\Documents\GitHub\JasonSwingen.github.io
18 verbose already installed skipping grunt-contrib-sass@^0.9.2 C:\Users\Jason\Documents\GitHub\JasonSwingen.github.io
19 verbose already installed skipping grunt-contrib-uglify@^0.8.0 C:\Users\Jason\Documents\GitHub\JasonSwingen.github.io
20 verbose already installed skipping grunt-contrib-watch@^0.6.1 C:\Users\Jason\Documents\GitHub\JasonSwingen.github.io
21 verbose already installed skipping grunt-jekyll@^0.4.2 C:\Users\Jason\Documents\GitHub\JasonSwingen.github.io
22 verbose cache add name="node-neat" spec="^1.0.0" args=["node-neat","^1.0.0"]
23 verbose parsed url { protocol: null,
23 verbose parsed url   slashes: null,
23 verbose parsed url   auth: null,
23 verbose parsed url   host: null,
23 verbose parsed url   port: null,
23 verbose parsed url   hostname: null,
23 verbose parsed url   hash: null,
23 verbose parsed url   search: null,
23 verbose parsed url   query: null,
23 verbose parsed url   pathname: '^1.0.0',
23 verbose parsed url   path: '^1.0.0',
23 verbose parsed url   href: '^1.0.0' }
24 verbose addNamed [ 'node-neat', '^1.0.0' ]
25 verbose addNamed [ null, '>=1.0.0-0 <2.0.0-0' ]
26 verbose cache add name="node-base" spec="^1.0.0" args=["node-base","^1.0.0"]
27 verbose parsed url { protocol: null,
27 verbose parsed url   slashes: null,
27 verbose parsed url   auth: null,
27 verbose parsed url   host: null,
27 verbose parsed url   port: null,
27 verbose parsed url   hostname: null,
27 verbose parsed url   hash: null,
27 verbose parsed url   search: null,
27 verbose parsed url   query: null,
27 verbose parsed url   pathname: '^1.0.0',
27 verbose parsed url   path: '^1.0.0',
27 verbose parsed url   href: '^1.0.0' }
28 verbose addNamed [ 'node-base', '^1.0.0' ]
29 verbose addNamed [ null, '>=1.0.0-0 <2.0.0-0' ]
30 silly lockFile 5a0ebd0e-node-neat-1-0-0 node-neat@^1.0.0
31 verbose lock node-neat@^1.0.0 C:\Users\Jason\AppData\Roaming\npm-cache\5a0ebd0e-node-neat-1-0-0.lock
32 silly lockFile 6a35554f-node-base-1-0-0 node-base@^1.0.0
33 verbose lock node-base@^1.0.0 C:\Users\Jason\AppData\Roaming\npm-cache\6a35554f-node-base-1-0-0.lock
34 silly addNameRange { name: 'node-neat',
34 silly addNameRange   range: '>=1.0.0-0 <2.0.0-0',
34 silly addNameRange   hasData: false }
35 verbose request where is /node-neat
36 verbose request registry https://registry.npmjs.org/
37 verbose request id 2299209045694ce6
38 verbose url raw /node-neat
39 verbose url resolving [ 'https://registry.npmjs.org/', './node-neat' ]
40 verbose url resolved https://registry.npmjs.org/node-neat
41 verbose request where is https://registry.npmjs.org/node-neat
42 info trying registry request attempt 1 at 10:32:09
43 http GET https://registry.npmjs.org/node-neat
44 silly addNameRange { name: 'node-base',
44 silly addNameRange   range: '>=1.0.0-0 <2.0.0-0',
44 silly addNameRange   hasData: false }
45 verbose request where is /node-base
46 verbose request registry https://registry.npmjs.org/
47 verbose url raw /node-base
48 verbose url resolving [ 'https://registry.npmjs.org/', './node-base' ]
49 verbose url resolved https://registry.npmjs.org/node-base
50 verbose request where is https://registry.npmjs.org/node-base
51 info trying registry request attempt 1 at 10:32:09
52 http GET https://registry.npmjs.org/node-base
53 http 200 https://registry.npmjs.org/node-neat
54 silly registry.get cb [ 200,
54 silly registry.get   { date: 'Tue, 31 Mar 2015 15:32:17 GMT',
54 silly registry.get     server: 'CouchDB/1.5.0 (Erlang OTP/R16B03)',
54 silly registry.get     etag: '"ELJFNOFLF6UHWXUZ1HWRNOGUB"',
54 silly registry.get     'content-type': 'application/json',
54 silly registry.get     'cache-control': 'max-age=60',
54 silly registry.get     'content-length': '15298',
54 silly registry.get     'accept-ranges': 'bytes',
54 silly registry.get     via: '1.1 varnish',
54 silly registry.get     age: '0',
54 silly registry.get     'x-served-by': 'cache-dfw1827-DFW',
54 silly registry.get     'x-cache': 'HIT',
54 silly registry.get     'x-cache-hits': '1',
54 silly registry.get     'x-timer': 'S1427815937.611503,VS0,VE48',
54 silly registry.get     vary: 'Accept',
54 silly registry.get     'keep-alive': 'timeout=10, max=50',
54 silly registry.get     connection: 'Keep-Alive' } ]
55 silly addNameRange number 2 { name: 'node-neat', range: '>=1.0.0-0 <2.0.0-0', hasData: true }
56 silly addNameRange versions [ 'node-neat',
56 silly addNameRange   [ '1.0.0',
56 silly addNameRange     '1.1.0',
56 silly addNameRange     '1.2.0',
56 silly addNameRange     '1.3.0',
56 silly addNameRange     '1.4.0',
56 silly addNameRange     '1.4.1',
56 silly addNameRange     '1.4.2',
56 silly addNameRange     '1.7.1-beta1' ] ]
57 verbose addNamed [ 'node-neat', '1.7.1-beta1' ]
58 verbose addNamed [ '1.7.1-beta1', '1.7.1-beta1' ]
59 silly lockFile 89aeb482-node-neat-1-7-1-beta1 node-neat@1.7.1-beta1
60 verbose lock node-neat@1.7.1-beta1 C:\Users\Jason\AppData\Roaming\npm-cache\89aeb482-node-neat-1-7-1-beta1.lock
61 silly lockFile 3fdd2571-e-neat-node-neat-1-7-1-beta1-tgz https://registry.npmjs.org/node-neat/-/node-neat-1.7.1-beta1.tgz
62 verbose lock https://registry.npmjs.org/node-neat/-/node-neat-1.7.1-beta1.tgz C:\Users\Jason\AppData\Roaming\npm-cache\3fdd2571-e-neat-node-neat-1-7-1-beta1-tgz.lock
63 verbose addRemoteTarball [ 'https://registry.npmjs.org/node-neat/-/node-neat-1.7.1-beta1.tgz',
63 verbose addRemoteTarball   '99517e72f399d1b0342963e875c3cc822e4a1ef6' ]
64 info retry fetch attempt 1 at 10:32:09
65 verbose fetch to= C:\Users\Jason\AppData\Local\Temp\npm-7388-8tjx5_tC\registry.npmjs.org\node-neat\-\node-neat-1.7.1-beta1.tgz
66 http GET https://registry.npmjs.org/node-neat/-/node-neat-1.7.1-beta1.tgz
67 http 404 https://registry.npmjs.org/node-base
68 verbose headers { date: 'Tue, 31 Mar 2015 15:32:17 GMT',
68 verbose headers   server: 'CouchDB/1.5.0 (Erlang OTP/R16B03)',
68 verbose headers   'content-type': 'application/json',
68 verbose headers   'cache-control': 'max-age=0',
68 verbose headers   'content-length': '51',
68 verbose headers   'accept-ranges': 'bytes',
68 verbose headers   via: '1.1 varnish',
68 verbose headers   age: '0',
68 verbose headers   'x-served-by': 'cache-dfw1825-DFW',
68 verbose headers   'x-cache': 'MISS',
68 verbose headers   'x-cache-hits': '0',
68 verbose headers   'x-timer': 'S1427815937.618013,VS0,VE263',
68 verbose headers   'keep-alive': 'timeout=10, max=50',
68 verbose headers   connection: 'Keep-Alive' }
69 silly registry.get cb [ 404,
69 silly registry.get   { date: 'Tue, 31 Mar 2015 15:32:17 GMT',
69 silly registry.get     server: 'CouchDB/1.5.0 (Erlang OTP/R16B03)',
69 silly registry.get     'content-type': 'application/json',
69 silly registry.get     'cache-control': 'max-age=0',
69 silly registry.get     'content-length': '51',
69 silly registry.get     'accept-ranges': 'bytes',
69 silly registry.get     via: '1.1 varnish',
69 silly registry.get     age: '0',
69 silly registry.get     'x-served-by': 'cache-dfw1825-DFW',
69 silly registry.get     'x-cache': 'MISS',
69 silly registry.get     'x-cache-hits': '0',
69 silly registry.get     'x-timer': 'S1427815937.618013,VS0,VE263',
69 silly registry.get     'keep-alive': 'timeout=10, max=50',
69 silly registry.get     connection: 'Keep-Alive' } ]
70 silly lockFile 6a35554f-node-base-1-0-0 node-base@^1.0.0
71 silly lockFile 6a35554f-node-base-1-0-0 node-base@^1.0.0
72 http 200 https://registry.npmjs.org/node-neat/-/node-neat-1.7.1-beta1.tgz
73 silly lockFile 3fdd2571-e-neat-node-neat-1-7-1-beta1-tgz https://registry.npmjs.org/node-neat/-/node-neat-1.7.1-beta1.tgz
74 silly lockFile 3fdd2571-e-neat-node-neat-1-7-1-beta1-tgz https://registry.npmjs.org/node-neat/-/node-neat-1.7.1-beta1.tgz
75 silly lockFile 89aeb482-node-neat-1-7-1-beta1 node-neat@1.7.1-beta1
76 silly lockFile 89aeb482-node-neat-1-7-1-beta1 node-neat@1.7.1-beta1
77 silly lockFile 5a0ebd0e-node-neat-1-0-0 node-neat@^1.0.0
78 silly lockFile 5a0ebd0e-node-neat-1-0-0 node-neat@^1.0.0
79 error 404 404 Not Found: node-base
79 error 404
79 error 404 'node-base' is not in the npm registry.
79 error 404 You should bug the author to publish it
79 error 404 It was specified as a dependency of 'JasonSwingen.github.io'
79 error 404
79 error 404 Maybe try 'npm search base'
79 error 404
79 error 404 Note that you can also install from a
79 error 404 tarball, folder, or http url, or git url.
80 error System Windows_NT 6.2.9200
81 error command "C:\\Program Files\\nodejs\\\\node.exe" "C:\\Program Files\\nodejs\\node_modules\\npm\\bin\\npm-cli.js" "install"
82 error cwd C:\Users\Jason\Documents\GitHub\JasonSwingen.github.io
83 error node -v v0.10.33
84 error npm -v 1.4.28
85 error code E404
86 verbose exit [ 1, true ]
